<?xml version="1.0" encoding="UTF-8"?>
<testsuite xmlns:xsi="http://www.w3.org/2001/XMLSchema-instance" xsi:noNamespaceSchemaLocation="https://maven.apache.org/surefire/maven-surefire-plugin/xsd/surefire-test-report.xsd" name="com.adactin.runner.Runner" time="49.064" tests="31" errors="0" skipped="0" failures="0">
  <properties>
[...]
</properties>
  <testcase name="Given user enter application url" classname="| aarthyrajeev | abc123 |" time="0.003"/>
  <testcase name="Given user enter application url" classname="| aarthyrajeev | abc123 |" time="0.001"/>
  <testcase name="When user enter &quot;tamlmani&quot; as username" classname="| aarthyrajeev | abc123 |" time="0"/>
  <testcase name="And user enter &quot;8B4J34&quot; as password" classname="| aarthyrajeev | abc123 |" time="0"/>
  <testcase name="Then goes to the landing page" classname="| aarthyrajeev | abc123 |" time="0"/>
  <testcase name="Then goes to the landing page" classname="| aarthyrajeev | abc123 |" time="0"/>
  <testcase name="When user enter &quot;aarthyrajeev&quot; as username" classname="| aarthyrajeev | abc123 |" time="0"/>
  <testcase name="And user enter &quot;abc123&quot; as password" classname="| aarthyrajeev | abc123 |" time="0"/>
  <testcase name="| aarthyrajeev | abc123 |" classname="| aarthyrajeev | abc123 |" time="0.004"/>
  <testcase name="Given user enter application url" classname="Scenario: Search for location, hotel,room availability" time="0"/>
  <testcase name="When user enter &quot;tamlmani&quot; as username" classname="Scenario: Search for location, hotel,room availability" time="0"/>
  <testcase name="And user enter &quot;8B4J34&quot; as password" classname="Scenario: Search for location, hotel,room availability" time="0.001"/>
  <testcase name="Then goes to the landing page" classname="Scenario: Search for location, hotel,room availability" time="0"/>
  <testcase name="When user select the location" classname="Scenario: Search for location, hotel,room availability" time="0"/>
  <testcase name="And user select the hotel" classname="Scenario: Search for location, hotel,room availability" time="0.001"/>
  <testcase name="And user select the roomtype" classname="Scenario: Search for location, hotel,room availability" time="0"/>
  <testcase name="And user select the no of rooms" classname="Scenario: Search for location, hotel,room availability" time="0"/>
  <testcase name="And user select the adults per room" classname="Scenario: Search for location, hotel,room availability" time="0"/>
  <testcase name="And user select the children per room" classname="Scenario: Search for location, hotel,room availability" time="0"/>
  <testcase name="Then user verify the valid search details have passed" classname="Scenario: Search for location, hotel,room availability" time="0"/>
  <testcase name="When user select the hotel name" classname="Scenario: Search for location, hotel,room availability" time="0"/>
  <testcase name="Then user verify the valid select details have passed" classname="Scenario: Search for location, hotel,room availability" time="0.001"/>
  <testcase name="When user enter the firstname" classname="Scenario: Search for location, hotel,room availability" time="0"/>
  <testcase name="And user enter the lastname" classname="Scenario: Search for location, hotel,room availability" time="0"/>
  <testcase name="And user enter the billing address" classname="Scenario: Search for location, hotel,room availability" time="0"/>
  <testcase name="And user enter the creditcard number" classname="Scenario: Search for location, hotel,room availability" time="0"/>
  <testcase name="And user enter the creditcard type" classname="Scenario: Search for location, hotel,room availability" time="0"/>
  <testcase name="And user enter the creditcard expiry date" classname="Scenario: Search for location, hotel,room availability" time="0"/>
  <testcase name="And user enter the creditcard cvv number" classname="Scenario: Search for location, hotel,room availability" time="0"/>
  <testcase name="Then user verify the booking details have passed" classname="Scenario: Search for location, hotel,room availability" time="0"/>
  <testcase name="Scenario: Search for location, hotel,room availability" classname="Scenario: Search for location, hotel,room availability" time="0.001"/>
</testsuite>